Using pre-set license
Built from '2023.2/staging' branch; Version is '2023.2.5f1 (381b4941466e) revision 3677001'; Using compiler version '193431935'; Build Type 'Release'
OS: 'Windows 11  (10.0.22621) 64bit Core' Language: 'en' Physical Memory: 3911 MB
BatchMode: 1, IsHumanControllingUs: 0, StartBugReporterOnCrash: 0, Is64bit: 1, IsPro: 1

COMMAND LINE ARGUMENTS:
C:\Program Files\Unity\Hub\Editor\2023.2.5f1\Editor\Unity.exe
-adb2
-batchMode
-noUpm
-name
AssetImportWorker3
-projectPath
C:/Users/zachz/OneDrive/Documents/GitHub/Assignment4_pt1
-logFile
Logs/AssetImportWorker3.log
-srvPort
53126
-job-worker-count
1
-background-job-worker-count
8
-asset-garbage-collectors
1
Successfully changed project path to: C:/Users/zachz/OneDrive/Documents/GitHub/Assignment4_pt1
C:/Users/zachz/OneDrive/Documents/GitHub/Assignment4_pt1
[UnityMemory] Configuration Parameters - Can be set up in boot.config
    "memorysetup-bucket-allocator-granularity=16"
    "memorysetup-bucket-allocator-bucket-count=8"
    "memorysetup-bucket-allocator-block-size=33554432"
    "memorysetup-bucket-allocator-block-count=8"
    "memorysetup-main-allocator-block-size=16777216"
    "memorysetup-thread-allocator-block-size=16777216"
    "memorysetup-gfx-main-allocator-block-size=16777216"
    "memorysetup-gfx-thread-allocator-block-size=16777216"
    "memorysetup-cache-allocator-block-size=4194304"
    "memorysetup-typetree-allocator-block-size=2097152"
    "memorysetup-profiler-bucket-allocator-granularity=16"
    "memorysetup-profiler-bucket-allocator-bucket-count=8"
    "memorysetup-profiler-bucket-allocator-block-size=33554432"
    "memorysetup-profiler-bucket-allocator-block-count=8"
    "memorysetup-profiler-allocator-block-size=16777216"
    "memorysetup-profiler-editor-allocator-block-size=1048576"
    "memorysetup-temp-allocator-size-main=16777216"
    "memorysetup-job-temp-allocator-block-size=2097152"
    "memorysetup-job-temp-allocator-block-size-background=1048576"
    "memorysetup-job-temp-allocator-reduction-small-platforms=262144"
    "memorysetup-allocator-temp-initial-block-size-main=262144"
    "memorysetup-allocator-temp-initial-block-size-worker=262144"
    "memorysetup-temp-allocator-size-background-worker=32768"
    "memorysetup-temp-allocator-size-job-worker=262144"
    "memorysetup-temp-allocator-size-preload-manager=33554432"
    "memorysetup-temp-allocator-size-nav-mesh-worker=65536"
    "memorysetup-temp-allocator-size-audio-worker=65536"
    "memorysetup-temp-allocator-size-cloud-worker=32768"
    "memorysetup-temp-allocator-size-gi-baking-worker=262144"
    "memorysetup-temp-allocator-size-gi-baking-worker=262144"
    "memorysetup-temp-allocator-size-gi-baking-worker=262144"
    "memorysetup-temp-allocator-size-gi-baking-worker=262144"
    "memorysetup-temp-allocator-size-gfx=262144"
Player connection [18268] Host "[IP] 192.168.1.218 [Port] 0 [Flags] 2 [Guid] 1512942405 [EditorId] 1512942405 [Version] 1048832 [Id] WindowsEditor(7,LAPTOP-S8GDKFPE) [Debug] 1 [PackageName] WindowsEditor [ProjectName] Editor" joined multi-casting on [225.0.0.222:54997]...
Player connection [18268] Host "[IP] 192.168.1.218 [Port] 0 [Flags] 2 [Guid] 1512942405 [EditorId] 1512942405 [Version] 1048832 [Id] WindowsEditor(7,LAPTOP-S8GDKFPE) [Debug] 1 [PackageName] WindowsEditor [ProjectName] Editor" joined alternative multi-casting on [225.0.0.222:34997]...
JobSystem: Creating JobQueue using job-worker-count value 1
[Physics::Module] Initialized MultithreadedJobDispatcher with 1 workers.
Library Redirect Path: Library/
Refreshing native plugins compatible for Editor in 7563.13 ms, found 4 plugins.
Preloading 0 native plugins for Editor in 0.00 ms.
Initialize engine version: 2023.2.5f1 (381b4941466e)
[Subsystems] Discovering subsystems at path C:/Program Files/Unity/Hub/Editor/2023.2.5f1/Editor/Data/Resources/UnitySubsystems
[Subsystems] Discovering subsystems at path C:/Users/zachz/OneDrive/Documents/GitHub/Assignment4_pt1/Assets
GfxDevice: creating device client; kGfxThreadingModeNonThreaded
Direct3D:
    Version:  Direct3D 11.0 [level 11.1]
    Renderer: Intel(R) UHD Graphics 605 (ID=0x3184)
    Vendor:   Intel
    VRAM:     1955 MB
    Driver:   30.0.101.1660
Initialize mono
Mono path[0] = 'C:/Program Files/Unity/Hub/Editor/2023.2.5f1/Editor/Data/Managed'
Mono path[1] = 'C:/Program Files/Unity/Hub/Editor/2023.2.5f1/Editor/Data/MonoBleedingEdge/lib/mono/unityjit-win32'
Mono config path = 'C:/Program Files/Unity/Hub/Editor/2023.2.5f1/Editor/Data/MonoBleedingEdge/etc'
Using monoOptions --debugger-agent=transport=dt_socket,embedding=1,server=y,suspend=n,address=127.0.0.1:56124
Begin MonoManager ReloadAssembly
C:\build\output\Unity-Technologies\mono\mono\metadata\icall.c:1842:
C:\build\output\Unity-Technologies\mono\mono\metadata\icall.c:1842:
C:\build\output\Unity-Technologies\mono\mono\metadata\icall.c:1842:
C:\build\output\Unity-Technologies\mono\mono\metadata\icall.c:1842:
C:\build\output\Unity-Technologies\mono\mono\metadata\icall.c:1842:
C:\build\output\Unity-Technologies\mono\mono\metadata\icall.c:1842:
C:\build\output\Unity-Technologies\mono\mono\metadata\icall.c:1842:
C:\build\output\Unity-Technologies\mono\mono\metadata\icall.c:1842:
C:\build\output\Unity-Technologies\mono\mono\metadata\icall.c:1842:
C:\build\output\Unity-Technologies\mono\mono\metadata\icall.c:1842:
Registering precompiled unity dll's ...
Register platform support module: C:/Program Files/Unity/Hub/Editor/2023.2.5f1/Editor/Data/PlaybackEngines/WindowsStandaloneSupport/UnityEditor.WindowsStandalone.Extensions.dll
Registered in 0.065813 seconds.
- Loaded All Assemblies, in 58.034 seconds
Native extension for WindowsStandalone target not found
Mono: successfully reloaded assembly
C:\build\output\Unity-Technologies\mono\mono\metadata\icall.c:1842:
C:\build\output\Unity-Technologies\mono\mono\metadata\icall.c:1842:
- Finished resetting the current domain, in 71.889 seconds
Domain Reload Profiling: 130017ms
	BeginReloadAssembly (11266ms)
		ExecutionOrderSort (1ms)
		DisableScriptedObjects (0ms)
		BackupInstance (0ms)
		ReleaseScriptingObjects (2ms)
		CreateAndSetChildDomain (41ms)
	RebuildCommonClasses (687ms)
	RebuildNativeTypeToScriptingClass (1979ms)
	initialDomainReloadingComplete (4197ms)
	LoadAllAssembliesAndSetupDomain (39957ms)
		LoadAssemblies (11019ms)
		RebuildTransferFunctionScriptingTraits (0ms)
		AnalyzeDomain (39530ms)
			TypeCache.Refresh (38865ms)
				TypeCache.ScanAssembly (29387ms)
			BuildScriptInfoCaches (58ms)
			ResolveRequiredComponents (184ms)
	FinalizeReload (71931ms)
		ReleaseScriptCaches (0ms)
		RebuildScriptCaches (0ms)
		SetupLoadedEditorAssemblies (45891ms)
			LogAssemblyErrors (1ms)
			InitializePlatformSupportModulesInManaged (2381ms)
			SetLoadedEditorAssemblies (344ms)
			BeforeProcessingInitializeOnLoad (1176ms)
			ProcessInitializeOnLoadAttributes (38018ms)
			ProcessInitializeOnLoadMethodAttributes (3949ms)
			AfterProcessingInitializeOnLoad (7ms)
			EditorAssembliesLoaded (14ms)
		ExecutionOrderSort2 (0ms)
		AwakeInstancesAfterBackupRestoration (0ms)
========================================================================
Worker process is ready to serve import requests
Import Worker Mode flag is 0x00
Begin MonoManager ReloadAssembly
C:\build\output\Unity-Technologies\mono\mono\metadata\icall.c:1842:
C:\build\output\Unity-Technologies\mono\mono\metadata\icall.c:1842:
C:\build\output\Unity-Technologies\mono\mono\metadata\icall.c:1842:
C:\build\output\Unity-Technologies\mono\mono\metadata\icall.c:1842:
C:\build\output\Unity-Technologies\mono\mono\metadata\icall.c:1842:
C:\build\output\Unity-Technologies\mono\mono\metadata\icall.c:1842:
C:\build\output\Unity-Technologies\mono\mono\metadata\icall.c:1842:
C:\build\output\Unity-Technologies\mono\mono\metadata\icall.c:1842:
C:\build\output\Unity-Technologies\mono\mono\metadata\icall.c:1842:
C:\build\output\Unity-Technologies\mono\mono\metadata\icall.c:1842:
C:\build\output\Unity-Technologies\mono\mono\metadata\icall.c:1842:
C:\build\output\Unity-Technologies\mono\mono\metadata\icall.c:1842:
Symbol file LoadedFromMemory doesn't match image C:\Users\zachz\OneDrive\Documents\GitHub\Assignment4_pt1\Library\PackageCache\com.unity.visualscripting@1.8.0\Editor\VisualScripting.Core\Dependencies\YamlDotNet\Unity.VisualScripting.YamlDotNet.dll
Symbol file LoadedFromMemory doesn't match image C:\Users\zachz\OneDrive\Documents\GitHub\Assignment4_pt1\Library\PackageCache\com.unity.visualscripting@1.8.0\Editor\VisualScripting.Core\Dependencies\DotNetZip\Unity.VisualScripting.IonicZip.dll
- Loaded All Assemblies, in 190.861 seconds
Refreshing native plugins compatible for Editor in 532.49 ms, found 4 plugins.
Native extension for WindowsStandalone target not found
Mono: successfully reloaded assembly
- Finished resetting the current domain, in 73.141 seconds
Domain Reload Profiling: 264585ms
	BeginReloadAssembly (47176ms)
		ExecutionOrderSort (0ms)
		DisableScriptedObjects (11890ms)
		BackupInstance (0ms)
		ReleaseScriptingObjects (21ms)
		CreateAndSetChildDomain (1201ms)
	RebuildCommonClasses (3547ms)
	RebuildNativeTypeToScriptingClass (900ms)
	initialDomainReloadingComplete (3616ms)
	LoadAllAssembliesAndSetupDomain (136097ms)
		LoadAssemblies (116434ms)
		RebuildTransferFunctionScriptingTraits (0ms)
		AnalyzeDomain (27801ms)
			TypeCache.Refresh (21972ms)
				TypeCache.ScanAssembly (16482ms)
			BuildScriptInfoCaches (1739ms)
			ResolveRequiredComponents (547ms)
	FinalizeReload (73250ms)
		ReleaseScriptCaches (0ms)
		RebuildScriptCaches (0ms)
		SetupLoadedEditorAssemblies (32688ms)
			LogAssemblyErrors (23ms)
			InitializePlatformSupportModulesInManaged (466ms)
			SetLoadedEditorAssemblies (6271ms)
			BeforeProcessingInitializeOnLoad (1894ms)
			ProcessInitializeOnLoadAttributes (15968ms)
			ProcessInitializeOnLoadMethodAttributes (7940ms)
			AfterProcessingInitializeOnLoad (55ms)
			EditorAssembliesLoaded (60ms)
		ExecutionOrderSort2 (7ms)
		AwakeInstancesAfterBackupRestoration (352ms)
Launched and connected shader compiler UnityShaderCompiler.exe after 0.78 seconds
Refreshing native plugins compatible for Editor in 633.02 ms, found 4 plugins.
Preloading 0 native plugins for Editor in 0.00 ms.
Unloading 226 Unused Serialized files (Serialized files now loaded: 0)
Unloading 5551 unused Assets / (8.1 MB). Loaded Objects now: 6257.
Memory consumption went from 193.0 MB to 185.0 MB.
Total: 7009.945500 ms (FindLiveObjects: 284.123000 ms CreateObjectMapping: 28.254300 ms MarkObjects: 5975.199800 ms  DeleteObjects: 721.922400 ms)

========================================================================
Received Prepare
Refreshing native plugins compatible for Editor in 67.79 ms, found 4 plugins.
Preloading 0 native plugins for Editor in 0.00 ms.
Unloading 33 Unused Serialized files (Serialized files now loaded: 0)
Unloading 5541 unused Assets / (4.3 MB). Loaded Objects now: 6257.
Memory consumption went from 155.6 MB to 151.3 MB.
Total: 5924.624200 ms (FindLiveObjects: 190.768700 ms CreateObjectMapping: 18.367200 ms MarkObjects: 5628.008000 ms  DeleteObjects: 86.605000 ms)

Prepare: number of updated asset objects reloaded= 0
========================================================================
Received Import Request.
  Time since last request: 280364.539984 seconds.
  path: Assets/Scripts/CustomBullet.cs
  artifactKey: Guid(9775f7a3a4f5da44b93112d3507e69bb) Importer(815301076,1909f56bfc062723c751e8b465ee728b)
Start importing Assets/Scripts/CustomBullet.cs using Guid(9775f7a3a4f5da44b93112d3507e69bb) Importer(815301076,1909f56bfc062723c751e8b465ee728b) (PreviewImporter) -> (artifact id: '8588e703d7905e359ff42a1fdabc5887') in 0.5920747 seconds
Number of updated asset objects reloaded before import = 0Number of asset objects unloaded after import = 0

========================================================================
Received Prepare
Refreshing native plugins compatible for Editor in 33.79 ms, found 4 plugins.
Preloading 0 native plugins for Editor in 0.00 ms.
Unloading 33 Unused Serialized files (Serialized files now loaded: 0)
Unloading 5541 unused Assets / (5.3 MB). Loaded Objects now: 6259.
Memory consumption went from 156.1 MB to 150.8 MB.
Total: 3007.685300 ms (FindLiveObjects: 124.979800 ms CreateObjectMapping: 24.733100 ms MarkObjects: 2791.397300 ms  DeleteObjects: 65.745600 ms)

Prepare: number of updated asset objects reloaded= 0
========================================================================
Received Import Request.
  Time since last request: 185.796765 seconds.
  path: Assets/Scripts/CustomBullet.cs
  artifactKey: Guid(9775f7a3a4f5da44b93112d3507e69bb) Importer(815301076,1909f56bfc062723c751e8b465ee728b)
Start importing Assets/Scripts/CustomBullet.cs using Guid(9775f7a3a4f5da44b93112d3507e69bb) Importer(815301076,1909f56bfc062723c751e8b465ee728b) (PreviewImporter) -> (artifact id: '8fcd5e90b03ccecdff5021cf276a4179') in 8.5701824 seconds
Number of updated asset objects reloaded before import = 0Number of asset objects unloaded after import = 0

========================================================================
Received Prepare
Begin MonoManager ReloadAssembly
C:\build\output\Unity-Technologies\mono\mono\metadata\icall.c:1842:
C:\build\output\Unity-Technologies\mono\mono\metadata\icall.c:1842:
C:\build\output\Unity-Technologies\mono\mono\metadata\icall.c:1842:
C:\build\output\Unity-Technologies\mono\mono\metadata\icall.c:1842:
C:\build\output\Unity-Technologies\mono\mono\metadata\icall.c:1842:
C:\build\output\Unity-Technologies\mono\mono\metadata\icall.c:1842:
C:\build\output\Unity-Technologies\mono\mono\metadata\icall.c:1842:
C:\build\output\Unity-Technologies\mono\mono\metadata\icall.c:1842:
C:\build\output\Unity-Technologies\mono\mono\metadata\icall.c:1842:
C:\build\output\Unity-Technologies\mono\mono\metadata\icall.c:1842:
C:\build\output\Unity-Technologies\mono\mono\metadata\icall.c:1842:
C:\build\output\Unity-Technologies\mono\mono\metadata\icall.c:1842:
Symbol file LoadedFromMemory doesn't match image C:\Users\zachz\OneDrive\Documents\GitHub\Assignment4_pt1\Library\PackageCache\com.unity.visualscripting@1.8.0\Editor\VisualScripting.Core\Dependencies\YamlDotNet\Unity.VisualScripting.YamlDotNet.dll
Symbol file LoadedFromMemory doesn't match image C:\Users\zachz\OneDrive\Documents\GitHub\Assignment4_pt1\Library\PackageCache\com.unity.visualscripting@1.8.0\Editor\VisualScripting.Core\Dependencies\DotNetZip\Unity.VisualScripting.IonicZip.dll
- Loaded All Assemblies, in 159.949 seconds
Refreshing native plugins compatible for Editor in 14.59 ms, found 4 plugins.
Native extension for WindowsStandalone target not found
Mono: successfully reloaded assembly
- Finished resetting the current domain, in 15.961 seconds
Domain Reload Profiling: 175995ms
	BeginReloadAssembly (44332ms)
		ExecutionOrderSort (2ms)
		DisableScriptedObjects (841ms)
		BackupInstance (0ms)
		ReleaseScriptingObjects (60ms)
		CreateAndSetChildDomain (24553ms)
	RebuildCommonClasses (982ms)
	RebuildNativeTypeToScriptingClass (155ms)
	initialDomainReloadingComplete (6944ms)
	LoadAllAssembliesAndSetupDomain (107602ms)
		LoadAssemblies (95773ms)
		RebuildTransferFunctionScriptingTraits (0ms)
		AnalyzeDomain (25681ms)
			TypeCache.Refresh (13428ms)
				TypeCache.ScanAssembly (1637ms)
			BuildScriptInfoCaches (11602ms)
			ResolveRequiredComponents (226ms)
	FinalizeReload (15979ms)
		ReleaseScriptCaches (0ms)
		RebuildScriptCaches (0ms)
		SetupLoadedEditorAssemblies (10576ms)
			LogAssemblyErrors (0ms)
			InitializePlatformSupportModulesInManaged (62ms)
			SetLoadedEditorAssemblies (50ms)
			BeforeProcessingInitializeOnLoad (1678ms)
			ProcessInitializeOnLoadAttributes (8404ms)
			ProcessInitializeOnLoadMethodAttributes (331ms)
			AfterProcessingInitializeOnLoad (48ms)
			EditorAssembliesLoaded (1ms)
		ExecutionOrderSort2 (0ms)
		AwakeInstancesAfterBackupRestoration (147ms)
Refreshing native plugins compatible for Editor in 50.41 ms, found 4 plugins.
Preloading 0 native plugins for Editor in 0.00 ms.
Unloading 34 Unused Serialized files (Serialized files now loaded: 0)
Unloading 5549 unused Assets / (4.4 MB). Loaded Objects now: 6260.
Memory consumption went from 160.1 MB to 155.8 MB.
Total: 124.498600 ms (FindLiveObjects: 13.192100 ms CreateObjectMapping: 10.016000 ms MarkObjects: 73.280500 ms  DeleteObjects: 22.304300 ms)

Prepare: number of updated asset objects reloaded= 0
========================================================================
Received Import Request.
  Time since last request: 418.837000 seconds.
  path: Assets/Textures/Materials/Player/Bulletred.mat
  artifactKey: Guid(1888fd7c46f28af4abd4d1db2918a710) Importer(815301076,1909f56bfc062723c751e8b465ee728b)
Start importing Assets/Textures/Materials/Player/Bulletred.mat using Guid(1888fd7c46f28af4abd4d1db2918a710) Importer(815301076,1909f56bfc062723c751e8b465ee728b) (PreviewImporter) -> (artifact id: '8e5d67a8562066cd5be7cfbfa634faaa') in 22.6024404 seconds
Number of updated asset objects reloaded before import = 0Number of asset objects unloaded after import = 35

========================================================================
Received Import Request.
  Time since last request: 0.002516 seconds.
  path: Assets/Textures/Materials/Player/Player.mat
  artifactKey: Guid(bd2af315eb0b6cd43a5b0aab6713efd8) Importer(815301076,1909f56bfc062723c751e8b465ee728b)
Start importing Assets/Textures/Materials/Player/Player.mat using Guid(bd2af315eb0b6cd43a5b0aab6713efd8) Importer(815301076,1909f56bfc062723c751e8b465ee728b) (PreviewImporter) -> (artifact id: 'db991401ac67ec7598272d2444851dc0') in 2.4060229 seconds
Number of updated asset objects reloaded before import = 0Number of asset objects unloaded after import = 23

